TN:
SF:src/core/Block.ts
FN:59,(anonymous_1)
FN:110,(anonymous_2)
FN:117,(anonymous_3)
FN:68,(anonymous_4)
FN:75,(anonymous_5)
FN:79,(anonymous_6)
FN:83,(anonymous_7)
FN:88,(anonymous_8)
FN:93,(anonymous_9)
FN:95,(anonymous_10)
FN:103,(anonymous_11)
FN:125,(anonymous_12)
FN:129,(anonymous_13)
FN:140,(anonymous_14)
FN:144,(anonymous_15)
FN:147,(anonymous_16)
FN:157,(anonymous_17)
FN:159,(anonymous_18)
FN:163,(anonymous_19)
FN:170,(anonymous_20)
FN:176,(anonymous_21)
FN:180,(anonymous_22)
FN:187,(anonymous_23)
FN:192,(anonymous_24)
FN:199,(anonymous_25)
FN:204,(anonymous_26)
FN:213,(anonymous_27)
FNF:27
FNH:18
FNDA:3,(anonymous_1)
FNDA:1,(anonymous_2)
FNDA:0,(anonymous_3)
FNDA:3,(anonymous_4)
FNDA:3,(anonymous_5)
FNDA:3,(anonymous_6)
FNDA:3,(anonymous_7)
FNDA:0,(anonymous_8)
FNDA:0,(anonymous_9)
FNDA:1,(anonymous_10)
FNDA:1,(anonymous_11)
FNDA:2,(anonymous_12)
FNDA:4,(anonymous_13)
FNDA:0,(anonymous_14)
FNDA:1,(anonymous_15)
FNDA:0,(anonymous_16)
FNDA:6,(anonymous_17)
FNDA:40,(anonymous_18)
FNDA:1,(anonymous_19)
FNDA:0,(anonymous_20)
FNDA:3,(anonymous_21)
FNDA:4,(anonymous_22)
FNDA:0,(anonymous_23)
FNDA:4,(anonymous_24)
FNDA:0,(anonymous_25)
FNDA:4,(anonymous_26)
FNDA:0,(anonymous_27)
DA:4,1
DA:6,1
DA:7,1
DA:8,1
DA:9,1
DA:36,1
DA:45,3
DA:47,3
DA:51,3
DA:53,3
DA:55,3
DA:60,3
DA:61,3
DA:62,3
DA:63,3
DA:64,3
DA:65,3
DA:69,3
DA:70,3
DA:71,3
DA:72,3
DA:76,3
DA:80,3
DA:84,3
DA:85,3
DA:89,0
DA:96,1
DA:97,1
DA:98,0
DA:100,1
DA:104,1
DA:105,1
DA:107,0
DA:110,3
DA:111,1
DA:112,0
DA:114,1
DA:117,3
DA:118,0
DA:119,0
DA:122,0
DA:126,2
DA:130,4
DA:131,4
DA:132,4
DA:133,4
DA:134,4
DA:135,4
DA:136,4
DA:141,0
DA:146,1
DA:147,1
DA:148,0
DA:149,0
DA:154,1
DA:158,6
DA:160,40
DA:161,40
DA:164,1
DA:165,1
DA:166,1
DA:167,1
DA:168,1
DA:171,0
DA:177,3
DA:181,4
DA:183,4
DA:184,4
DA:187,0
DA:188,0
DA:193,4
DA:195,4
DA:196,4
DA:199,0
DA:200,0
DA:205,4
DA:206,4
DA:207,4
DA:213,4
DA:214,0
DA:216,0
DA:217,0
DA:219,0
DA:220,0
DA:221,0
DA:223,0
DA:225,0
DA:226,0
DA:230,4
DA:233,1
LF:90
LH:66
BRDA:111,0,0,0
BRDA:118,1,0,0
BRDA:61,2,0,3
BRDA:61,2,1,0
BRDA:97,3,0,0
BRDA:104,4,0,1
BRDA:133,5,0,4
BRDA:146,6,0,1
BRDA:146,7,0,0
BRDA:146,7,1,1
BRDA:146,8,0,1
BRDA:146,8,1,1
BRDA:146,9,0,0
BRDA:146,9,1,1
BRDA:146,10,0,1
BRDA:146,10,1,1
BRDA:148,11,0,0
BRDA:148,12,0,0
BRDA:148,12,1,0
BRDA:148,13,0,0
BRDA:148,13,1,0
BRDA:148,14,0,0
BRDA:148,14,1,0
BRDA:148,15,0,0
BRDA:148,15,1,0
BRDA:161,16,0,0
BRDA:161,16,1,40
BRDA:183,17,0,4
BRDA:183,18,0,4
BRDA:183,18,1,0
BRDA:195,19,0,4
BRDA:216,20,0,0
BRDA:219,21,0,0
BRDA:219,21,1,0
BRDA:225,22,0,0
BRDA:225,23,0,0
BRDA:225,23,1,0
BRF:37
BRH:14
end_of_record
TN:
SF:src/core/EventBus.ts
FN:4,(anonymous_0)
FN:7,(anonymous_1)
FN:15,(anonymous_2)
FN:20,(anonymous_3)
FN:23,(anonymous_4)
FN:29,(anonymous_5)
FNF:6
FNH:4
FNDA:3,(anonymous_0)
FNDA:12,(anonymous_1)
FNDA:0,(anonymous_2)
FNDA:0,(anonymous_3)
FNDA:7,(anonymous_4)
FNDA:7,(anonymous_5)
DA:4,1
DA:5,3
DA:8,12
DA:9,12
DA:12,12
DA:16,0
DA:17,0
DA:20,0
DA:24,7
DA:25,0
DA:29,7
DA:30,7
LF:12
LH:8
BRDA:8,0,0,12
BRDA:16,1,0,0
BRDA:24,2,0,0
BRF:3
BRH:1
end_of_record
TN:
SF:src/core/Router.ts
FN:4,(anonymous_0)
FN:9,(anonymous_1)
FN:13,(anonymous_2)
FN:21,(anonymous_3)
FN:26,(anonymous_4)
FN:30,(anonymous_5)
FN:34,(anonymous_6)
FN:39,(anonymous_7)
FN:40,(anonymous_8)
FNF:9
FNH:4
FNDA:2,(anonymous_0)
FNDA:1,(anonymous_1)
FNDA:0,(anonymous_2)
FNDA:3,(anonymous_3)
FNDA:0,(anonymous_4)
FNDA:0,(anonymous_5)
FNDA:0,(anonymous_6)
FNDA:1,(anonymous_7)
FNDA:0,(anonymous_8)
DA:2,1
DA:4,1
DA:5,2
DA:7,1
DA:10,1
DA:11,1
DA:13,1
DA:14,0
DA:17,1
DA:22,3
DA:23,3
DA:27,0
DA:31,0
DA:35,0
DA:36,0
DA:40,1
DA:41,0
DA:42,0
DA:43,0
DA:44,0
DA:46,0
DA:49,1
DA:50,0
DA:51,0
DA:54,1
DA:55,0
DA:60,1
DA:61,1
LF:28
LH:15
BRDA:10,0,0,1
BRDA:39,1,0,1
BRDA:41,2,0,0
BRDA:49,3,0,0
BRDA:54,4,0,0
BRDA:54,5,0,1
BRDA:54,5,1,1
BRF:7
BRH:4
end_of_record
TN:
SF:src/helpers/HTTPTransport/index.ts
FN:2,(anonymous_0)
FN:21,(anonymous_1)
FN:22,(anonymous_2)
FN:26,(anonymous_3)
FN:30,(anonymous_4)
FN:34,(anonymous_5)
FN:38,(anonymous_6)
FN:39,(anonymous_7)
FN:50,(anonymous_8)
FNF:9
FNH:8
FNDA:1,(anonymous_0)
FNDA:1,(anonymous_1)
FNDA:1,(anonymous_2)
FNDA:1,(anonymous_3)
FNDA:1,(anonymous_4)
FNDA:1,(anonymous_5)
FNDA:4,(anonymous_6)
FNDA:4,(anonymous_7)
FNDA:0,(anonymous_8)
DA:2,1
DA:3,1
DA:4,1
DA:5,1
DA:6,1
DA:7,1
DA:10,1
DA:22,1
DA:23,1
DA:26,1
DA:27,1
DA:30,1
DA:31,1
DA:34,1
DA:35,1
DA:39,4
DA:40,4
DA:41,4
DA:42,4
DA:44,4
DA:46,4
DA:47,3
DA:50,4
DA:51,0
DA:54,4
DA:55,4
DA:56,4
DA:58,4
DA:59,1
DA:61,3
DA:62,0
DA:63,0
DA:65,3
DA:71,1
LF:34
LH:31
BRDA:2,0,0,1
BRDA:2,0,1,1
BRDA:34,1,0,1
BRDA:41,2,0,3
BRDA:41,2,1,1
BRDA:46,3,0,3
BRDA:46,4,0,4
BRDA:46,4,1,3
BRDA:58,5,0,1
BRDA:58,5,1,3
BRDA:58,6,0,4
BRDA:58,6,1,3
BRDA:61,7,0,0
BRF:13
BRH:12
end_of_record
TN:
SF:src/router/utils.ts
FN:1,(anonymous_0)
FN:9,(anonymous_1)
FN:17,(anonymous_2)
FN:21,(anonymous_3)
FNF:4
FNH:0
FNDA:0,(anonymous_0)
FNDA:0,(anonymous_1)
FNDA:0,(anonymous_2)
FNDA:0,(anonymous_3)
DA:1,1
DA:2,0
DA:3,0
DA:5,0
DA:6,0
DA:9,0
DA:10,0
DA:11,0
DA:13,0
DA:17,1
DA:18,0
DA:19,0
DA:20,0
DA:21,0
DA:22,0
DA:23,0
DA:26,0
DA:27,0
DA:28,0
DA:30,0
LF:20
LH:2
BRDA:5,0,0,0
BRDA:10,1,0,0
BRDA:22,2,0,0
BRF:3
BRH:0
end_of_record
TN:
SF:src/utils/cloneDeep.ts
FN:2,cloneDeep
FN:3,cloneDeepInner
FN:13,(anonymous_2)
FN:20,(anonymous_3)
FN:27,(anonymous_4)
FN:34,(anonymous_5)
FN:36,(anonymous_6)
FNF:7
FNH:4
FNDA:2,cloneDeep
FNDA:9,cloneDeepInner
FNDA:2,(anonymous_2)
FNDA:0,(anonymous_3)
FNDA:0,(anonymous_4)
FNDA:0,(anonymous_5)
FNDA:5,(anonymous_6)
DA:3,2
DA:4,9
DA:5,5
DA:7,4
DA:8,0
DA:10,4
DA:11,2
DA:13,2
DA:15,2
DA:17,2
DA:18,0
DA:20,0
DA:22,0
DA:24,2
DA:25,0
DA:27,0
DA:29,0
DA:31,2
DA:32,2
DA:34,2
DA:36,5
DA:37,2
DA:40,0
DA:44,1
LF:24
LH:16
BRDA:4,0,0,5
BRDA:4,1,0,9
BRDA:4,1,1,9
BRDA:7,2,0,0
BRDA:10,3,0,2
BRDA:17,4,0,0
BRDA:24,5,0,0
BRDA:31,6,0,2
BRF:8
BRH:5
end_of_record
TN:
SF:src/utils/isEqual.ts
FN:3,isEqual
FNF:1
FNH:1
FNDA:1,isEqual
DA:1,1
DA:4,1
DA:5,1
DA:6,1
DA:7,1
DA:9,0
DA:10,0
DA:11,0
DA:12,0
DA:13,0
DA:14,0
DA:17,0
DA:20,1
LF:13
LH:6
BRDA:6,0,0,1
BRDA:12,1,0,0
BRDA:12,1,1,0
BRDA:13,2,0,0
BRDA:13,3,0,0
BRDA:13,3,1,0
BRDA:13,3,2,0
BRDA:13,3,3,0
BRF:8
BRH:1
end_of_record
TN:
SF:src/utils/isObject.ts
FN:5,isObject
FNF:1
FNH:0
FNDA:0,isObject
DA:6,0
DA:14,1
LF:2
LH:1
BRDA:7,0,0,0
BRDA:7,0,1,0
BRDA:7,0,2,0
BRDA:7,0,3,0
BRF:4
BRH:0
end_of_record
